# JRE version: Java(TM) SE Runtime Environment (8.0_144-b01) (build 1.8.0_144-b01)
# Java VM: Java HotSpot(TM) 64-Bit Server VM (25.144-b01 mixed mode windows-amd64 compressed oops)
Heap:
 PSYoungGen      total 140800K, used 98233K [0x00000000f5580000, 0x0000000100000000, 0x0000000100000000)
  eden space 118272K, 64% used [0x00000000f5580000,0x00000000f9f73e00,0x00000000fc900000)
  from space 22528K, 99% used [0x00000000fe780000,0x00000000ffd7a900,0x00000000ffd80000)
  to   space 28160K, 0% used [0x00000000fc900000,0x00000000fc900000,0x00000000fe480000)
 ParOldGen       total 236032K, used 45403K [0x00000000e0000000, 0x00000000ee680000, 0x00000000f5580000)
  object space 236032K, 19% used [0x00000000e0000000,0x00000000e2c56f50,0x00000000ee680000)
 Metaspace       used 96822K, capacity 110642K, committed 110720K, reserved 1144832K
  class space    used 13635K, capacity 14463K, committed 14464K, reserved 1048576K
GC Heap History (10 events):
Event: 4.931 GC heap before
{Heap before GC invocations=13 (full 4):
 PSYoungGen      total 145920K, used 1577K [0x00000000f5580000, 0x00000000ffb80000, 0x0000000100000000)
  eden space 123904K, 1% used [0x00000000f5580000,0x00000000f570a7e0,0x00000000fce80000)
  from space 22016K, 0% used [0x00000000fe600000,0x00000000fe600000,0x00000000ffb80000)
  to   space 23040K, 0% used [0x00000000fce80000,0x00000000fce80000,0x00000000fe500000)
 ParOldGen       total 236032K, used 41077K [0x00000000e0000000, 0x00000000ee680000, 0x00000000f5580000)
  object space 236032K, 17% used [0x00000000e0000000,0x00000000e281d480,0x00000000ee680000)
 Metaspace       used 66238K, capacity 73886K, committed 74752K, reserved 1114112K
  class space    used 9298K, capacity 9796K, committed 9984K, reserved 1048576K
Event: 4.932 GC heap after
Heap after GC invocations=13 (full 4):
 PSYoungGen      total 146944K, used 128K [0x00000000f5580000, 0x00000000ffd80000, 0x0000000100000000)
  eden space 123904K, 0% used [0x00000000f5580000,0x00000000f5580000,0x00000000fce80000)
  from space 23040K, 0% used [0x00000000fce80000,0x00000000fcea0000,0x00000000fe500000)
  to   space 24064K, 0% used [0x00000000fe600000,0x00000000fe600000,0x00000000ffd80000)
 ParOldGen       total 236032K, used 41077K [0x00000000e0000000, 0x00000000ee680000, 0x00000000f5580000)
  object space 236032K, 17% used [0x00000000e0000000,0x00000000e281d480,0x00000000ee680000)
 Metaspace       used 66238K, capacity 73886K, committed 74752K, reserved 1114112K
  class space    used 9298K, capacity 9796K, committed 9984K, reserved 1048576K
}
Event: 4.932 GC heap before
{Heap before GC invocations=14 (full 5):
 PSYoungGen      total 146944K, used 128K [0x00000000f5580000, 0x00000000ffd80000, 0x0000000100000000)
  eden space 123904K, 0% used [0x00000000f5580000,0x00000000f5580000,0x00000000fce80000)
  from space 23040K, 0% used [0x00000000fce80000,0x00000000fcea0000,0x00000000fe500000)
  to   space 24064K, 0% used [0x00000000fe600000,0x00000000fe600000,0x00000000ffd80000)
 ParOldGen       total 236032K, used 41077K [0x00000000e0000000, 0x00000000ee680000, 0x00000000f5580000)
  object space 236032K, 17% used [0x00000000e0000000,0x00000000e281d480,0x00000000ee680000)
 Metaspace       used 66238K, capacity 73886K, committed 74752K, reserved 1114112K
  class space    used 9298K, capacity 9796K, committed 9984K, reserved 1048576K
Event: 5.014 GC heap after
Heap after GC invocations=14 (full 5):
 PSYoungGen      total 146944K, used 0K [0x00000000f5580000, 0x00000000ffd80000, 0x0000000100000000)
  eden space 123904K, 0% used [0x00000000f5580000,0x00000000f5580000,0x00000000fce80000)
  from space 23040K, 0% used [0x00000000fce80000,0x00000000fce80000,0x00000000fe500000)
  to   space 24064K, 0% used [0x00000000fe600000,0x00000000fe600000,0x00000000ffd80000)
 ParOldGen       total 236032K, used 37722K [0x00000000e0000000, 0x00000000ee680000, 0x00000000f5580000)
  object space 236032K, 15% used [0x00000000e0000000,0x00000000e24d6920,0x00000000ee680000)
 Metaspace       used 66238K, capacity 73886K, committed 74752K, reserved 1114112K
  class space    used 9298K, capacity 9796K, committed 9984K, reserved 1048576K
}
Event: 5.314 GC heap before
{Heap before GC invocations=15 (full 5):
 PSYoungGen      total 146944K, used 123904K [0x00000000f5580000, 0x00000000ffd80000, 0x0000000100000000)
  eden space 123904K, 100% used [0x00000000f5580000,0x00000000fce80000,0x00000000fce80000)
  from space 23040K, 0% used [0x00000000fce80000,0x00000000fce80000,0x00000000fe500000)
  to   space 24064K, 0% used [0x00000000fe600000,0x00000000fe600000,0x00000000ffd80000)
 ParOldGen       total 236032K, used 37722K [0x00000000e0000000, 0x00000000ee680000, 0x00000000f5580000)
  object space 236032K, 15% used [0x00000000e0000000,0x00000000e24d6920,0x00000000ee680000)
 Metaspace       used 67272K, capacity 75296K, committed 75520K, reserved 1114112K
  class space    used 9449K, capacity 9974K, committed 9984K, reserved 1048576K
Event: 5.320 GC heap after
Heap after GC invocations=15 (full 5):
 PSYoungGen      total 148480K, used 13117K [0x00000000f5580000, 0x0000000100000000, 0x0000000100000000)
  eden space 124416K, 0% used [0x00000000f5580000,0x00000000f5580000,0x00000000fcf00000)
  from space 24064K, 54% used [0x00000000fe600000,0x00000000ff2cf560,0x00000000ffd80000)
  to   space 23552K, 0% used [0x00000000fcf00000,0x00000000fcf00000,0x00000000fe600000)
 ParOldGen       total 236032K, used 37730K [0x00000000e0000000, 0x00000000ee680000, 0x00000000f5580000)
  object space 236032K, 15% used [0x00000000e0000000,0x00000000e24d8920,0x00000000ee680000)
 Metaspace       used 67272K, capacity 75296K, committed 75520K, reserved 1114112K
  class space    used 9449K, capacity 9974K, committed 9984K, reserved 1048576K
}
Event: 5.829 GC heap before
{Heap before GC invocations=16 (full 5):
 PSYoungGen      total 148480K, used 137533K [0x00000000f5580000, 0x0000000100000000, 0x0000000100000000)
  eden space 124416K, 100% used [0x00000000f5580000,0x00000000fcf00000,0x00000000fcf00000)
  from space 24064K, 54% used [0x00000000fe600000,0x00000000ff2cf560,0x00000000ffd80000)
  to   space 23552K, 0% used [0x00000000fcf00000,0x00000000fcf00000,0x00000000fe600000)
 ParOldGen       total 236032K, used 37730K [0x00000000e0000000, 0x00000000ee680000, 0x00000000f5580000)
  object space 236032K, 15% used [0x00000000e0000000,0x00000000e24d8920,0x00000000ee680000)
 Metaspace       used 70546K, capacity 79590K, committed 79872K, reserved 1118208K
  class space    used 9843K, capacity 10423K, committed 10496K, reserved 1048576K
Event: 5.834 GC heap after
Heap after GC invocations=16 (full 5):
 PSYoungGen      total 147968K, used 11167K [0x00000000f5580000, 0x00000000ffd80000, 0x0000000100000000)
  eden space 124416K, 0% used [0x00000000f5580000,0x00000000f5580000,0x00000000fcf00000)
  from space 23552K, 47% used [0x00000000fcf00000,0x00000000fd9e7c38,0x00000000fe600000)
  to   space 22528K, 0% used [0x00000000fe780000,0x00000000fe780000,0x00000000ffd80000)
 ParOldGen       total 236032K, used 37738K [0x00000000e0000000, 0x00000000ee680000, 0x00000000f5580000)
  object space 236032K, 15% used [0x00000000e0000000,0x00000000e24da920,0x00000000ee680000)
 Metaspace       used 70546K, capacity 79590K, committed 79872K, reserved 1118208K
  class space    used 9843K, capacity 10423K, committed 10496K, reserved 1048576K
}
Event: 7.058 GC heap before
{Heap before GC invocations=17 (full 5):
 PSYoungGen      total 147968K, used 135583K [0x00000000f5580000, 0x00000000ffd80000, 0x0000000100000000)
  eden space 124416K, 100% used [0x00000000f5580000,0x00000000fcf00000,0x00000000fcf00000)
  from space 23552K, 47% used [0x00000000fcf00000,0x00000000fd9e7c38,0x00000000fe600000)
  to   space 22528K, 0% used [0x00000000fe780000,0x00000000fe780000,0x00000000ffd80000)
 ParOldGen       total 236032K, used 37738K [0x00000000e0000000, 0x00000000ee680000, 0x00000000f5580000)
  object space 236032K, 15% used [0x00000000e0000000,0x00000000e24da920,0x00000000ee680000)
 Metaspace       used 82290K, capacity 94140K, committed 94336K, reserved 1132544K
  class space    used 11403K, capacity 12102K, committed 12160K, reserved 1048576K
Event: 7.070 GC heap after
Heap after GC invocations=17 (full 5):
 PSYoungGen      total 140800K, used 22506K [0x00000000f5580000, 0x0000000100000000, 0x0000000100000000)
  eden space 118272K, 0% used [0x00000000f5580000,0x00000000f5580000,0x00000000fc900000)
  from space 22528K, 99% used [0x00000000fe780000,0x00000000ffd7a900,0x00000000ffd80000)
  to   space 28160K, 0% used [0x00000000fc900000,0x00000000fc900000,0x00000000fe480000)
 ParOldGen       total 236032K, used 45403K [0x00000000e0000000, 0x00000000ee680000, 0x00000000f5580000)
  object space 236032K, 19% used [0x00000000e0000000,0x00000000e2c56f50,0x00000000ee680000)
 Metaspace       used 82290K, capacity 94140K, committed 94336K, reserved 1132544K
  class space    used 11403K, capacity 12102K, committed 12160K, reserved 1048576K
}

